2020-08-20 13:28:18.984784400000 [$pid(ThreadId 5)] ERROR APP - user error (loaded module can not find from path. <e:\data\computer\software\programming\haskell\PlottingAndScheming\PlottingAndScheming\app\Main.hs> [])
2020-08-20 13:28:19.005728000000 [$pid(ThreadId 5)] ERROR APP - user error (loaded module can not find from path. <e:\data\computer\software\programming\haskell\PlottingAndScheming\PlottingAndScheming\src\vector.hs> [])
2020-08-20 13:28:19.085518900000 [$pid(ThreadId 5)] ERROR APP - start debugging failed. user error (ExecResult not found.) : Left "user error (ExecResult not found.)"
2020-08-20 13:32:30.985037700000 [$pid(ThreadId 5)] ERROR APP - user error (loaded module can not find from path. <e:\data\computer\software\programming\haskell\PlottingAndScheming\PlottingAndScheming\app\Main.hs> [])
2020-08-20 13:32:31.021933800000 [$pid(ThreadId 5)] ERROR APP - user error (loaded module can not find from path. <e:\data\computer\software\programming\haskell\PlottingAndScheming\PlottingAndScheming\src\vector.hs> [])
2020-08-20 13:32:31.125655600000 [$pid(ThreadId 5)] ERROR APP - start debugging failed. user error (ExecResult not found.) : Left "user error (ExecResult not found.)"
2020-08-20 13:35:10.912637200000 [$pid(ThreadId 5)] ERROR APP - user error (loaded module can not find from path. <e:\data\computer\software\programming\haskell\PlottingAndScheming\PlottingAndScheming\src\vector.hs> [("Main","E:/data/computer/software/programming/haskell/PlottingAndScheming/PlottingAndScheming/app/Main.hs"),("Scheme","E:\\data\\computer\\software\\programming\\haskell\\PlottingAndScheming\\PlottingAndScheming\\src\\Scheme.hs"),("Vector","E:\\data\\computer\\software\\programming\\haskell\\PlottingAndScheming\\PlottingAndScheming\\src\\Vector.hs")])
2020-08-20 13:37:47.870734900000 [$pid(ThreadId 5)] ERROR APP - user error (loaded module can not find from path. <e:\data\computer\software\programming\haskell\PlottingAndScheming\PlottingAndScheming\src\vector.hs> [("Main","E:/data/computer/software/programming/haskell/PlottingAndScheming/PlottingAndScheming/app/Main.hs"),("Scheme","E:\\data\\computer\\software\\programming\\haskell\\PlottingAndScheming\\PlottingAndScheming\\src\\Scheme.hs"),("Vector","E:\\data\\computer\\software\\programming\\haskell\\PlottingAndScheming\\PlottingAndScheming\\src\\Vector.hs")])
2020-08-20 13:38:02.095599000000 [$pid(ThreadId 8)] CRITICAL THREAD_MGR - Critical exit started.
2020-08-20 13:38:36.962004800000 [$pid(ThreadId 5)] ERROR APP - user error (loaded module can not find from path. <e:\data\computer\software\programming\haskell\PlottingAndScheming\PlottingAndScheming\src\vector.hs> [("Main","E:/data/computer/software/programming/haskell/PlottingAndScheming/PlottingAndScheming/app/Main.hs"),("Scheme","E:\\data\\computer\\software\\programming\\haskell\\PlottingAndScheming\\PlottingAndScheming\\src\\Scheme.hs"),("Vector","E:\\data\\computer\\software\\programming\\haskell\\PlottingAndScheming\\PlottingAndScheming\\src\\Vector.hs")])
2020-08-20 13:39:11.714624400000 [$pid(ThreadId 5)] ERROR APP - user error (loaded module can not find from path. <e:\data\computer\software\programming\haskell\PlottingAndScheming\PlottingAndScheming\src\vector.hs> [("Main","E:/data/computer/software/programming/haskell/PlottingAndScheming/PlottingAndScheming/app/Main.hs"),("Scheme","E:\\data\\computer\\software\\programming\\haskell\\PlottingAndScheming\\PlottingAndScheming\\src\\Scheme.hs"),("Vector","E:\\data\\computer\\software\\programming\\haskell\\PlottingAndScheming\\PlottingAndScheming\\src\\Vector.hs")])
2020-08-20 13:39:48.678664700000 [$pid(ThreadId 5)] ERROR APP - user error (loaded module can not find from path. <e:\data\computer\software\programming\haskell\PlottingAndScheming\PlottingAndScheming\src\vector.hs> [("Main","E:/data/computer/software/programming/haskell/PlottingAndScheming/PlottingAndScheming/app/Main.hs"),("Scheme","E:\\data\\computer\\software\\programming\\haskell\\PlottingAndScheming\\PlottingAndScheming\\src\\Scheme.hs"),("Vector","E:\\data\\computer\\software\\programming\\haskell\\PlottingAndScheming\\PlottingAndScheming\\src\\Vector.hs")])
2020-08-20 13:47:43.159678000000 [$pid(ThreadId 8)] CRITICAL THREAD_MGR - Critical exit started.
2020-08-20 13:53:14.572047500000 [$pid(ThreadId 5)] ERROR APP - user error (loaded module can not find from path. <e:\data\computer\software\programming\haskell\PlottingAndScheming\PlottingAndScheming\src\vector.hs> [("Main","E:/data/computer/software/programming/haskell/PlottingAndScheming/PlottingAndScheming/app/Main.hs"),("Scheme","E:\\data\\computer\\software\\programming\\haskell\\PlottingAndScheming\\PlottingAndScheming\\src\\Scheme.hs"),("Vector","E:\\data\\computer\\software\\programming\\haskell\\PlottingAndScheming\\PlottingAndScheming\\src\\Vector.hs")])
2020-08-20 13:56:43.947122400000 [$pid(ThreadId 5)] ERROR APP - user error (loaded module can not find from path. <e:\data\computer\software\programming\haskell\PlottingAndScheming\PlottingAndScheming\src\vector.hs> [("Main","E:/data/computer/software/programming/haskell/PlottingAndScheming/PlottingAndScheming/app/Main.hs"),("Scheme","E:\\data\\computer\\software\\programming\\haskell\\PlottingAndScheming\\PlottingAndScheming\\src\\Scheme.hs"),("Vector","E:\\data\\computer\\software\\programming\\haskell\\PlottingAndScheming\\PlottingAndScheming\\src\\Vector.hs")])
2020-08-20 13:57:05.745685800000 [$pid(ThreadId 5)] ERROR APP - user error (loaded module can not find from path. <e:\data\computer\software\programming\haskell\PlottingAndScheming\PlottingAndScheming\src\vector.hs> [("Main","E:/data/computer/software/programming/haskell/PlottingAndScheming/PlottingAndScheming/app/Main.hs"),("Scheme","E:\\data\\computer\\software\\programming\\haskell\\PlottingAndScheming\\PlottingAndScheming\\src\\Scheme.hs"),("Vector","E:\\data\\computer\\software\\programming\\haskell\\PlottingAndScheming\\PlottingAndScheming\\src\\Vector.hs")])
2020-08-20 13:57:30.713263500000 [$pid(ThreadId 5)] ERROR APP - user error (loaded module can not find from path. <e:\data\computer\software\programming\haskell\PlottingAndScheming\PlottingAndScheming\src\vector.hs> [("Main","E:/data/computer/software/programming/haskell/PlottingAndScheming/PlottingAndScheming/app/Main.hs"),("Scheme","E:\\data\\computer\\software\\programming\\haskell\\PlottingAndScheming\\PlottingAndScheming\\src\\Scheme.hs"),("Vector","E:\\data\\computer\\software\\programming\\haskell\\PlottingAndScheming\\PlottingAndScheming\\src\\Vector.hs")])
2020-08-20 13:59:54.156621200000 [$pid(ThreadId 5)] ERROR APP - user error (loaded module can not find from path. <e:\data\computer\software\programming\haskell\PlottingAndScheming\PlottingAndScheming\src\vector.hs> [("Main","E:/data/computer/software/programming/haskell/PlottingAndScheming/PlottingAndScheming/app/Main.hs"),("Scheme","E:\\data\\computer\\software\\programming\\haskell\\PlottingAndScheming\\PlottingAndScheming\\src\\Scheme.hs"),("Vector","E:\\data\\computer\\software\\programming\\haskell\\PlottingAndScheming\\PlottingAndScheming\\src\\Vector.hs")])
2020-08-20 14:01:14.521032700000 [$pid(ThreadId 4)] WARNING REQUEST - unsupported request command. {"command":"stepOut","arguments":{"threadId":0},"type":"request","seq":76}
2020-08-20 14:03:12.572667900000 [$pid(ThreadId 5)] ERROR APP - user error (loaded module can not find from path. <e:\data\computer\software\programming\haskell\PlottingAndScheming\PlottingAndScheming\src\vector.hs> [("Main","E:/data/computer/software/programming/haskell/PlottingAndScheming/PlottingAndScheming/app/Main.hs"),("Scheme","E:\\data\\computer\\software\\programming\\haskell\\PlottingAndScheming\\PlottingAndScheming\\src\\Scheme.hs"),("Vector","E:\\data\\computer\\software\\programming\\haskell\\PlottingAndScheming\\PlottingAndScheming\\src\\Vector.hs")])
2020-08-20 14:03:53.029073900000 [$pid(ThreadId 5)] ERROR APP - user error (loaded module can not find from path. <e:\data\computer\software\programming\haskell\PlottingAndScheming\PlottingAndScheming\src\vector.hs> [("Main","E:/data/computer/software/programming/haskell/PlottingAndScheming/PlottingAndScheming/app/Main.hs"),("Scheme","E:\\data\\computer\\software\\programming\\haskell\\PlottingAndScheming\\PlottingAndScheming\\src\\Scheme.hs"),("Vector","E:\\data\\computer\\software\\programming\\haskell\\PlottingAndScheming\\PlottingAndScheming\\src\\Vector.hs")])
2020-08-20 14:04:25.169083800000 [$pid(ThreadId 5)] ERROR APP - user error (no stacktrace found.)
2020-08-20 14:04:25.223936000000 [$pid(ThreadId 5)] ERROR APP - user error (no stacktrace found.)
2020-08-20 14:04:40.012524500000 [$pid(ThreadId 5)] ERROR APP - user error (ExecResult not found.)
2020-08-20 14:04:45.614545400000 [$pid(ThreadId 5)] ERROR APP - user error (ExecResult not found.)
2020-08-20 14:04:50.494080300000 [$pid(ThreadId 5)] ERROR APP - user error (ExecResult not found.)
2020-08-20 14:05:22.066280500000 [$pid(ThreadId 5)] ERROR APP - user error (ExecResult not found.)
2020-08-20 14:05:29.815885800000 [$pid(ThreadId 5)] ERROR APP - user error (ExecResult not found.)
2020-08-20 14:05:35.991430700000 [$pid(ThreadId 5)] ERROR APP - user error (ExecResult not found.)
2020-08-20 14:05:37.678919200000 [$pid(ThreadId 4)] WARNING REQUEST - unsupported request command. {"command":"stepOut","arguments":{"threadId":0},"type":"request","seq":40}
2020-08-20 14:05:47.275256600000 [$pid(ThreadId 5)] ERROR APP - user error (ExecResult not found.)
2020-08-20 14:05:50.457744900000 [$pid(ThreadId 5)] ERROR APP - user error (ExecResult not found.)
2020-08-20 14:06:02.353872300000 [$pid(ThreadId 5)] ERROR APP - user error (ExecResult not found.)
2020-08-20 14:06:03.483853200000 [$pid(ThreadId 5)] ERROR APP - user error (ExecResult not found.)
2020-08-20 14:06:03.809979600000 [$pid(ThreadId 5)] ERROR APP - user error (ExecResult not found.)
2020-08-20 14:06:07.181086300000 [$pid(ThreadId 8)] CRITICAL THREAD_MGR - Critical exit started.
2020-08-20 14:06:34.959713100000 [$pid(ThreadId 5)] ERROR APP - user error (loaded module can not find from path. <e:\data\computer\software\programming\haskell\PlottingAndScheming\PlottingAndScheming\src\vector.hs> [("Main","E:/data/computer/software/programming/haskell/PlottingAndScheming/PlottingAndScheming/app/Main.hs"),("Scheme","E:\\data\\computer\\software\\programming\\haskell\\PlottingAndScheming\\PlottingAndScheming\\src\\Scheme.hs"),("Vector","E:\\data\\computer\\software\\programming\\haskell\\PlottingAndScheming\\PlottingAndScheming\\src\\Vector.hs")])
2020-08-20 14:06:54.528432700000 [$pid(ThreadId 5)] ERROR APP - user error (no stacktrace found.)
2020-08-20 14:06:54.558352600000 [$pid(ThreadId 5)] ERROR APP - user error (no stacktrace found.)
2020-08-20 14:07:00.632109700000 [$pid(ThreadId 5)] ERROR APP - user error (ExecResult not found.)
2020-08-20 14:07:02.850744700000 [$pid(ThreadId 5)] ERROR APP - user error (ExecResult not found.)
2020-08-20 14:07:04.673876400000 [$pid(ThreadId 5)] ERROR APP - user error (ExecResult not found.)
2020-08-20 14:07:11.954159200000 [$pid(ThreadId 4)] WARNING REQUEST - unsupported request command. {"command":"stepOut","arguments":{"threadId":0},"type":"request","seq":37}
2020-08-20 14:07:16.968798700000 [$pid(ThreadId 5)] ERROR APP - user error (ExecResult not found.)
2020-08-20 14:09:04.911783200000 [$pid(ThreadId 5)] ERROR APP - user error (loaded module can not find from path. <e:\data\computer\software\programming\haskell\PlottingAndScheming\PlottingAndScheming\src\vector.hs> [("Main","E:/data/computer/software/programming/haskell/PlottingAndScheming/PlottingAndScheming/app/Main.hs"),("Scheme","E:\\data\\computer\\software\\programming\\haskell\\PlottingAndScheming\\PlottingAndScheming\\src\\Scheme.hs"),("Vector","E:\\data\\computer\\software\\programming\\haskell\\PlottingAndScheming\\PlottingAndScheming\\src\\Vector.hs")])
2020-08-24 13:29:15.739973900000 [$pid(ThreadId 5)] ERROR APP - user error (loaded module can not find from path. <e:\data\computer\software\programming\haskell\PlottingAndScheming\PlottingAndScheming\app\Main.hs> [])
2020-08-24 13:29:15.785851900000 [$pid(ThreadId 5)] ERROR APP - user error (loaded module can not find from path. <e:\data\computer\software\programming\haskell\PlottingAndScheming\PlottingAndScheming\src\vector.hs> [])
2020-08-24 13:29:15.815770700000 [$pid(ThreadId 5)] ERROR APP - start debugging failed. user error (ExecResult not found.) : Left "user error (ExecResult not found.)"
2020-08-25 03:00:15.781038700000 [$pid(ThreadId 4)] CRITICAL REQUEST - invalid HANDLE. eof.
2020-08-25 03:00:16.783924400000 [$pid(ThreadId 8)] CRITICAL THREAD_MGR - Critical exit started.
